“Cron job ran at Sun Aug 10 09:33:46 UTC 2025”
+ echo 'Print ec2 instances'
Print ec2 instances
+ aws ec2 describe-instances
+ jq '.Reservations[].Instances[].InstanceId'
"i-01605a406e1d7642b"
"i-0b6c728d97dfc3391"
+ echo 'Print s3 buckets'
Print s3 buckets
+ aws s3 ls
2025-04-15 19:19:37 devopssample1bucket
+ echo 'Print lambda functions'
Print lambda functions
+ aws lambda list-functions
{
    "Functions": []
}
+ echo 'Print iam users'
Print iam users
+ aws iam list-users
{
    "Users": [
        {
            "Path": "/",
            "UserName": "Harsh@1234",
            "UserId": "AIDAVRUVS4X4HP7H4V62T",
            "Arn": "arn:aws:iam::381492061688:user/Harsh@1234",
            "CreateDate": "2025-08-05T06:40:38+00:00"
        }
    ]
}
“Cron job ran at Sun Aug 10 15:40:01 IST 2025”
+ echo 'Print ec2 instances'
Print ec2 instances
+ jq '.Reservations[].Instances[].InstanceId'
+ aws ec2 describe-instances
"i-01605a406e1d7642b"
"i-0b6c728d97dfc3391"
+ echo 'Print s3 buckets'
Print s3 buckets
+ aws s3 ls
2025-04-16 00:49:37 devopssample1bucket
+ echo 'Print lambda functions'
Print lambda functions
+ aws lambda list-functions
{
    "Functions": []
}
+ echo 'Print iam users'
Print iam users
+ aws iam list-users
{
    "Users": [
        {
            "Path": "/",
            "UserName": "Harsh@1234",
            "UserId": "AIDAVRUVS4X4HP7H4V62T",
            "Arn": "arn:aws:iam::381492061688:user/Harsh@1234",
            "CreateDate": "2025-08-05T06:40:38+00:00"
        }
    ]
}
“Cron job ran at Sun Aug 10 15:53:01 IST 2025”
+ echo 'Print ec2 instances'
Print ec2 instances
+ aws ec2 describe-instances
+ jq '.Reservations[].Instances[].InstanceId'
"i-01605a406e1d7642b"
"i-0b6c728d97dfc3391"
+ echo 'Print s3 buckets'
Print s3 buckets
+ aws s3 ls
2025-04-16 00:49:37 devopssample1bucket
+ echo 'Print lambda functions'
Print lambda functions
+ aws lambda list-functions
{
    "Functions": []
}
+ echo 'Print iam users'
Print iam users
+ aws iam list-users
{
    "Users": [
        {
            "Path": "/",
            "UserName": "Harsh@1234",
            "UserId": "AIDAVRUVS4X4HP7H4V62T",
            "Arn": "arn:aws:iam::381492061688:user/Harsh@1234",
            "CreateDate": "2025-08-05T06:40:38+00:00"
        }
    ]
}
“Cron job ran at Mon Aug 11 15:53:01 IST 2025”
+ echo 'Print ec2 instances'
Print ec2 instances
+ aws ec2 describe-instances
+ jq '.Reservations[].Instances[].InstanceId'
"i-0b6c728d97dfc3391"
+ echo 'Print s3 buckets'
Print s3 buckets
+ aws s3 ls
2025-04-16 00:49:37 devopssample1bucket
+ echo 'Print lambda functions'
Print lambda functions
+ aws lambda list-functions
{
    "Functions": []
}
+ echo 'Print iam users'
Print iam users
+ aws iam list-users
{
    "Users": [
        {
            "Path": "/",
            "UserName": "Harsh@1234",
            "UserId": "AIDAVRUVS4X4HP7H4V62T",
            "Arn": "arn:aws:iam::381492061688:user/Harsh@1234",
            "CreateDate": "2025-08-05T06:40:38+00:00"
        }
    ]
}
“Cron job ran at Tue Aug 12 15:53:01 IST 2025”
+ echo 'Print ec2 instances'
Print ec2 instances
+ aws ec2 describe-instances
+ jq '.Reservations[].Instances[].InstanceId'
"i-0b6c728d97dfc3391"
"i-0a882caa9a3891192"
+ echo 'Print s3 buckets'
Print s3 buckets
+ aws s3 ls
2025-04-16 00:49:37 devopssample1bucket
+ echo 'Print lambda functions'
Print lambda functions
+ aws lambda list-functions
{
    "Functions": []
}
+ echo 'Print iam users'
Print iam users
+ aws iam list-users
{
    "Users": [
        {
            "Path": "/",
            "UserName": "Harsh@1234",
            "UserId": "AIDAVRUVS4X4HP7H4V62T",
            "Arn": "arn:aws:iam::381492061688:user/Harsh@1234",
            "CreateDate": "2025-08-05T06:40:38+00:00"
        }
    ]
}
“Cron job ran at Wed Aug 13 15:53:01 IST 2025”
+ echo 'Print ec2 instances'
Print ec2 instances
+ aws ec2 describe-instances
+ jq '.Reservations[].Instances[].InstanceId'
"i-0b6c728d97dfc3391"
"i-0a882caa9a3891192"
+ echo 'Print s3 buckets'
Print s3 buckets
+ aws s3 ls
2025-04-16 00:49:37 devopssample1bucket
+ echo 'Print lambda functions'
Print lambda functions
+ aws lambda list-functions
{
    "Functions": []
}
+ echo 'Print iam users'
Print iam users
+ aws iam list-users
{
    "Users": [
        {
            "Path": "/",
            "UserName": "Harsh@1234",
            "UserId": "AIDAVRUVS4X4HP7H4V62T",
            "Arn": "arn:aws:iam::381492061688:user/Harsh@1234",
            "CreateDate": "2025-08-05T06:40:38+00:00"
        }
    ]
}
“Cron job ran at Thu Aug 14 15:53:01 IST 2025”
+ echo 'Print ec2 instances'
Print ec2 instances
+ aws ec2 describe-instances
+ jq '.Reservations[].Instances[].InstanceId'
"i-0b6c728d97dfc3391"
"i-0a882caa9a3891192"
+ echo 'Print s3 buckets'
Print s3 buckets
+ aws s3 ls
2025-04-16 00:49:37 devopssample1bucket
+ echo 'Print lambda functions'
Print lambda functions
+ aws lambda list-functions
{
    "Functions": []
}
+ echo 'Print iam users'
Print iam users
+ aws iam list-users
{
    "Users": [
        {
            "Path": "/",
            "UserName": "Harsh@1234",
            "UserId": "AIDAVRUVS4X4HP7H4V62T",
            "Arn": "arn:aws:iam::381492061688:user/Harsh@1234",
            "CreateDate": "2025-08-05T06:40:38+00:00"
        }
    ]
}
“Cron job ran at Fri Aug 15 15:53:01 IST 2025”
+ echo 'Print ec2 instances'
Print ec2 instances
+ aws ec2 describe-instances
+ jq '.Reservations[].Instances[].InstanceId'
"i-0b6c728d97dfc3391"
"i-0a882caa9a3891192"
+ echo 'Print s3 buckets'
Print s3 buckets
+ aws s3 ls
2025-04-16 00:49:37 devopssample1bucket
+ echo 'Print lambda functions'
Print lambda functions
+ aws lambda list-functions
{
    "Functions": []
}
+ echo 'Print iam users'
Print iam users
+ aws iam list-users
{
    "Users": [
        {
            "Path": "/",
            "UserName": "Harsh@1234",
            "UserId": "AIDAVRUVS4X4HP7H4V62T",
            "Arn": "arn:aws:iam::381492061688:user/Harsh@1234",
            "CreateDate": "2025-08-05T06:40:38+00:00"
        }
    ]
}
“Cron job ran at Sat Aug 16 15:53:01 IST 2025”
+ echo 'Print ec2 instances'
Print ec2 instances
+ aws ec2 describe-instances
+ jq '.Reservations[].Instances[].InstanceId'
"i-0b6c728d97dfc3391"
"i-0a882caa9a3891192"
+ echo 'Print s3 buckets'
Print s3 buckets
+ aws s3 ls
2025-04-16 00:49:37 devopssample1bucket
+ echo 'Print lambda functions'
Print lambda functions
+ aws lambda list-functions
{
    "Functions": []
}
+ echo 'Print iam users'
Print iam users
+ aws iam list-users
{
    "Users": [
        {
            "Path": "/",
            "UserName": "Harsh@1234",
            "UserId": "AIDAVRUVS4X4HP7H4V62T",
            "Arn": "arn:aws:iam::381492061688:user/Harsh@1234",
            "CreateDate": "2025-08-05T06:40:38+00:00"
        }
    ]
}
“Cron job ran at Sun Aug 17 15:53:01 IST 2025”
+ echo 'Print ec2 instances'
Print ec2 instances
+ aws ec2 describe-instances
+ jq '.Reservations[].Instances[].InstanceId'
"i-0b6c728d97dfc3391"
"i-0a882caa9a3891192"
+ echo 'Print s3 buckets'
Print s3 buckets
+ aws s3 ls
2025-04-16 00:49:37 devopssample1bucket
+ echo 'Print lambda functions'
Print lambda functions
+ aws lambda list-functions
{
    "Functions": []
}
+ echo 'Print iam users'
Print iam users
+ aws iam list-users
{
    "Users": [
        {
            "Path": "/",
            "UserName": "Harsh@1234",
            "UserId": "AIDAVRUVS4X4HP7H4V62T",
            "Arn": "arn:aws:iam::381492061688:user/Harsh@1234",
            "CreateDate": "2025-08-05T06:40:38+00:00"
        }
    ]
}
“Cron job ran at Mon Aug 18 15:53:01 IST 2025”
+ echo 'Print ec2 instances'
Print ec2 instances
+ aws ec2 describe-instances
+ jq '.Reservations[].Instances[].InstanceId'
"i-0b6c728d97dfc3391"
"i-0a882caa9a3891192"
+ echo 'Print s3 buckets'
Print s3 buckets
+ aws s3 ls
2025-04-16 00:49:37 devopssample1bucket
+ echo 'Print lambda functions'
Print lambda functions
+ aws lambda list-functions
{
    "Functions": []
}
+ echo 'Print iam users'
Print iam users
+ aws iam list-users
{
    "Users": [
        {
            "Path": "/",
            "UserName": "Harsh@1234",
            "UserId": "AIDAVRUVS4X4HP7H4V62T",
            "Arn": "arn:aws:iam::381492061688:user/Harsh@1234",
            "CreateDate": "2025-08-05T06:40:38+00:00"
        }
    ]
}
“Cron job ran at Tue Aug 19 15:53:01 IST 2025”
+ echo 'Print ec2 instances'
Print ec2 instances
+ aws ec2 describe-instances
+ jq '.Reservations[].Instances[].InstanceId'
"i-0b6c728d97dfc3391"
"i-0a882caa9a3891192"
+ echo 'Print s3 buckets'
Print s3 buckets
+ aws s3 ls
2025-04-16 00:49:37 devopssample1bucket
+ echo 'Print lambda functions'
Print lambda functions
+ aws lambda list-functions
{
    "Functions": []
}
+ echo 'Print iam users'
Print iam users
+ aws iam list-users
{
    "Users": [
        {
            "Path": "/",
            "UserName": "Harsh@1234",
            "UserId": "AIDAVRUVS4X4HP7H4V62T",
            "Arn": "arn:aws:iam::381492061688:user/Harsh@1234",
            "CreateDate": "2025-08-05T06:40:38+00:00"
        }
    ]
}
